<?xml version="1.0" encoding="UTF-8"?>
<!-- Generated by org.testng.reporters.JUnitReportReporter -->
<testsuite hostname="DESKTOP-378FNKH" failures="0" tests="4" name="api.test.UserTests" time="8.228" errors="0" timestamp="2024-06-22T15:44:48 IST" skipped="0">
  <testcase classname="api.test.UserTests" name="testPostUser" time="3.560"/>
  <system-out/>
  <testcase classname="api.test.UserTests" name="testgetUser" time="1.174"/>
  <system-out/>
  <testcase classname="api.test.UserTests" name="testUpdateUserByName" time="2.310"/>
  <system-out/>
  <testcase classname="api.test.UserTests" name="testDeleteUserByName" time="1.184"/>
  <system-out/>
</testsuite> <!-- api.test.UserTests -->
