<?xml version="1.0" encoding="UTF-8"?>
<!-- Generated by org.testng.reporters.JUnitReportReporter -->
<testsuite hostname="DESKTOP-378FNKH" failures="0" tests="4" name="api.test.UserTests" time="7.349" errors="0" timestamp="2024-06-17T16:57:04 IST" skipped="0">
  <testcase classname="api.test.UserTests" name="testPostUser" time="2.796"/>
  <system-out/>
  <testcase classname="api.test.UserTests" name="testgetUser" time="1.155"/>
  <system-out/>
  <testcase classname="api.test.UserTests" name="testUpdateUserByName" time="2.250"/>
  <system-out/>
  <testcase classname="api.test.UserTests" name="testDeleteUserByName" time="1.148"/>
  <system-out/>
</testsuite> <!-- api.test.UserTests -->
